Error on 9023 (https://solve.mit.edu/solutions/9023), attempt 1: Could not parse JSON: Expecting ',' delimiter: line 69 column 29 (char 2176)
API Response:
```json
{
  "team": {
    "team_leader": {
      "name": "Stella Nakawuki Lukwago",
      "role": "Founder"
    },
    "team_members": [
      {
        "name": "Shira Turbowicz",
        "role": "Lead Link - International brand identity & marketing"
      },
      {
        "name": "Tony Wamboga",
        "role": "Lead Link - Public relations & communication"
      },
      {
        "name": "Semambo Akram",
        "role": "Lead Link - Production & packaging"
      }
    ],
    "total_team_size": {
      "full_time": 5,
      "part_time": 10,
      "rural_farmers": 50
    }
  },
  "solution_summary": {
    "name": "Ouroots Africa",
    "tagline": "Just like we grow food, we can grow products for daily use just like our ancestors did.",
    "description": "Ouroots Africa offers alternatives to single-use plastic by growing natural Luseke grass and converting it into useful products such as drinking straws and coffee/cocktail stirrers."
  },
  "technology": {
    "core_technology": "Organic farming and low technology production process",
    "innovative_technology": "Growing Luseke grass as an alternative to single-use plastic using indigenous knowledge."
  },
  "impact": {
    "problem_addressed": "Plastic pollution affecting the world's oceans and communities",
    "populations_served": [
      "Women & Girls",
      "Rural Residents",
      "Very Poor/Poor",
      "Low-Income",
      "Refugees/Internally Displaced Persons",
      "Persons with Disabilities"
    ],
    "barriers": [
      "Lack of awareness about environmental impact",
      "High costs involved in fulfilling export requirements",
      "Steady supply issues for Luseke grass"
    ]
  },
  "goals": {
    "short_term": "Train 100 rural women farmers in growing Luseke grass by 2020.",
    "long_term": "Partner with 500 rural women farmers and serve 1 million customers in five years."
  },
  "achievements": {
    "current_partners": [
      "Social Innovation Academy",
      "Gejja Women Foundation"
    ],
    "sales": {
      "straws_sold": 1500,
      "orders": 3000
    }
  },
  "statistics": {
    "current_customers": 50,
    "year_1_customers": 100,
    "five_year_customers": 1_000_000,
    "employment_targets": {
      "year_1": 20,
      "year_5": 400
    }
  },
  "market_opportunity": {
    "potential_revenue": "$7 million within a year if 100,000 customers buy products",
    "target_customers": [
      "Cafes",
      "Restaurants",
      "Eco-lodges",
      "Event organizers",
      "Environmentally conscious individuals"
    ]
  },
  "media": {
    "elevator_pitch_video": "https://player.vimeo.com/video/344506656",
    "recent_media_mentions": [
      "Interviews scheduled with DW (Germany-based TV)",
      "Interviews with CGTN (Chinese network)"
    ]
  },
  "website": "http://mit.edu"
}
```
Error on 9205 (https://solve.mit.edu/solutions/9205), attempt 1: Could not parse JSON: Expecting ',' delimiter: line 50 column 30 (char 1820)
API Response:
```json
{
  "solution": {
    "title": "TOWARDS CULTURE CHANGE: Rethinking Used Plastic Bottles.",
    "team_details": {
      "team_leader": "John Njogu",
      "team_members": [
        {
          "name": "John Njogu",
          "role": "Team Leader",
          "photo": "https://d3t35pgnsskh52.cloudfront.net/uploads%2F19329_Passport+photo.jpg"
        },
        {
          "name": "Wanjohi Theuri",
          "role": "Managing Partner",
          "photo": "https://d3t35pgnsskh52.cloudfront.net/uploads%2F18671_Passport+photo2.JPG"
        }
      ]
    },
    "solution_summary": {
      "tagline": "A culture change from 'take, make, dispose' (linear economic model) to fully circular economic model in relation to used plastic bottles.",
      "description": "The solution aims to attach value to used plastic bottles to facilitate their convergence into reused and recycled material, effectively reversing the plastic pollution cycle."
    },
    "technology": {
      "core_technology": "Mobile app for tracking bottle manufacturers, codifying bottle values, identifying collection points, and facilitating payments for recovery.",
      "technologies_used": [
        "Indigenous Knowledge",
        "Behavioral Design",
        "Social Networks"
      ]
    },
    "impact": {
      "target_population": [
        "Women & Girls",
        "Pregnant Women",
        "LGBTQ+",
        "Children and Adolescents",
        "Infants",
        "Elderly",
        "Rural Residents",
        "Peri-Urban Residents",
        "Very Poor/Poor",
        "Low-Income",
        "Middle-Income",
        "Minorities/Previously Excluded Populations",
        "Refugees/Internally Displaced Persons",
        "Persons with Disabilities"
      ],
      "current_served": 0,
      "one_year_served": 50,
      "five_years_served": 45_800_000,
      "countries_operating": ["Kenya"],
      "expected_growth": {
        "one_year": "Increase among key stakeholder engagements.",
        "five_years": "Transform the approach to plastic bottle management globally."
      }
    },
    "goals": {
      "one_year": [
        "Establish a reward system to promote bottle collection.",
        "Partnership with more local and international environmental institutions."
      ],
      "five_years": [
        "Achieve full utilization of the circular economy regarding waste management.",
        "Engagement across all levels in the supply chain to promote environmental conservation."
      ]
    },
    "barriers": [
      "Resistance to change from industry players.",
      "Legal frameworks not supportive of proposed changes.",
      "Consumer behavior towards disposability."
    ],
    "strategies_to_overcome_barriers": [
      "Educating stakeholders about the value reservation model.",
      "Building partnerships with NGOs and governmental bodies."
    ],
    "potential_partnerships": [
      "UN Environment",
      "Local and International Institutions with environmental mandates."
    ],
    "website": "https://www.linkedin.com/feed/update/urn:li:activity:6550472435869720576",
    "last_updated": "July 1, 2019",
    "solution_stage": "Prototype"
  }
}
```
Error on 9199 (https://solve.mit.edu/solutions/9199), attempt 1: Could not parse JSON: Expecting ',' delimiter: line 44 column 37 (char 2171)
API Response:
```json
{
  "Solution Name": "FARFARM: textile agroforestry",
  "Team Leader": "Beto Bina",
  "Team Members": [
    {
      "Name": "Beto Bina",
      "Role": "Founder"
    },
    {
      "Name": "Pedro Saldanha",
      "Role": "Lawyer specialized in environment"
    },
    {
      "Name": "Werner Kinas",
      "Role": "Financial and investment specialist"
    },
    {
      "Name": "Felipe Villela",
      "Role": "Engineer specialized in Agroforestry"
    },
    {
      "Name": "Larissa Duarte",
      "Role": "Textile researcher"
    }
  ],
  "Solution Overview": "FARFARM grows fibers that regenerate soil and provide community development using Agroforestry, a regenerative farming system that utilizes species to collaborate, creating a closed ecosystem.",
  "Tagline": "Textile fibers grown using Agroforestry, regenerating nature and providing community development.",
  "Problem Addressed": "The fashion industry is one of the most polluting, using toxic raw materials and producing significant waste. FARFARM aims to diversify production in agriculture and textiles while protecting the environment.",
  "Who is Served": [
    "Agricultural families",
    "Textile Co-ops",
    "Textile industry in Belém, Brazil",
    "Designers looking for sustainable materials"
  ],
  "Core Technology": "Agroforestry systems that manage trees together with crops and/or animal production to increase social, economic, and environmental benefits.",
  "Innovative Aspects": "The concept of Textile Agroforestry is unique and aims to challenge traditional monoculture practices.",
  "Business Model": "Consultancy that provides Research, Community Engagement, Implementation, Management, and Data Reporting for regenerative raw materials in the fashion industry.",
  "Path to Financial Sustainability": "Connecting with clients in the Fashion Industry to use more regenerative materials and providing a scope of work that is charged by hours.",
  "Current Development Stage": "Prototype",
  "Headquartered": "São Paulo, State of São Paulo, Brazil",
  "Current Impact": {
    "Currently Serving Families": 20,
    "Projected Yearly Reach": 250,
    "Projected 5-Year Impact": 1250 hectares
  },
  "Goals": {
    "Next Year": "Implementation of a large-scale pilot program.",
    "In 5 Years": "Development of a framework for growing cotton using agroforestry systems equivalent to conventional cotton costs."
  },
  "Barriers": [
    "Funding for pilot testing and rollout programs",
    "Need for technology and machines for Agroforestry"
  ],
  "Overcoming Barriers": "Pitching solutions to encourage the Fashion Industry to invest in sustainable farming practices.",
  "Website": "https://www.farfarm.co",
  "Video Links": [
    "https://www.youtube.com/embed/qLWNhtEUuVc",
    "https://www.youtube.com/embed/gSPNRu4ZPvE"
  ],
  "Partnerships": [
    {
      "Organization": "Fashion For Good",
      "Role": "Mentorship and connections with major fashion brands."
    },
    {
      "Organization": "ReNature",
      "Role": "Partnering for expertise in Agroforestry."
    },
    {
      "Organization": "AmazôniaUP",
      "Role": "Incubator for the project."
    },
    {
      "Organization": "Chocolates DeMendes",
      "Role": "Partner for organic cacao farming."
    }
  ]
}
```
Error on 8610 (https://solve.mit.edu/solutions/8610), attempt 1: Could not parse JSON: Expecting ',' delimiter: line 42 column 35 (char 1537)
API Response:
```json
{
  "solution": {
    "name": "Mobile Solar Wearables",
    "tagline": "Energy within your fashion",
    "team": {
      "leader": "Boaz Opio",
      "members": 4,
      "roles": [
        "Business Development Specialist",
        "Solar Electrician",
        "Fashion Designer",
        "Marketer"
      ]
    },
    "location": "Kampala, Uganda",
    "technology": [
      "Solar energy generation",
      "Wearable technology"
    ],
    "overview": {
      "summary": "Mobile Solar Wearables solves the problem of power blackouts in mobile gadgets. It charges during outdoor exposure to sunlight and stores extra power.",
      "problem_solved": "Many mobile users face power issues, with significant downtime affecting productivity and potential income.",
      "target_audience": [
        "Countryside farming population",
        "Fashionable gadget owners",
        "Low and middle-income individuals, particularly youth"
      ],
      "innovative_aspect": "Combines fashion and electricity generation, allowing for convenient charging of gadgets anywhere."
    },
    "goals": {
      "1_year": "Expand customer base to 10,000 people and start production of 3,000 units daily.",
      "5_years": "Increase impact to 500 million individuals."
    },
    "barriers": [
      "Limited finances for expansion and research"
    ],
    "solutions_to_barriers": [
      "Increase sourcing for funding through applications and private equity."
    ],
    "statistic": {
      "current_users": 1000,
      "projected_users_1_year": 10_000,
      "projected_users_5_years": 500_000_000
    },
    "business_model": "Production and distribution of wearable technology at a profit, promoting a greener future by cutting carbon emissions.",
    "partnerships": {
      "current": "ENVenture",
      "aspirations": [
        {
          "organization": "Google",
          "type": "Distribution and advertising"
        },
        {
          "organization": "Apple",
          "type": "Distribution and advertising"
        },
        {
          "organization": "Facebook",
          "type": "Distribution and advertising"
        }
      ]
    },
    "development_stage": "Prototype"
  }
}
```
